<?xml version="1.0" encoding="UTF-8"?>
<!-- Generated by org.testng.reporters.JUnitReportReporter -->
<testsuite hostname="chetan-desktop" name="testCases.CREATE_COMMUNITY" tests="1" failures="0" timestamp="2 May 2018 10:39:25 GMT" time="9.052" errors="0">
  <testcase name="createChnl" time="9.052" classname="testCases.CREATE_COMMUNITY"/>
</testsuite> <!-- testCases.CREATE_COMMUNITY -->
