<?xml version="1.0" encoding="UTF-8"?>
<!-- Generated by org.testng.reporters.JUnitReportReporter -->
<testsuite hostname="chetan-desktop" name="testCases.LIST_CHANNELS" tests="1" failures="0" timestamp="26 Apr 2018 12:38:42 GMT" time="251.599" errors="0">
  <testcase name="channelList" time="251.599" classname="testCases.LIST_CHANNELS"/>
</testsuite> <!-- testCases.LIST_CHANNELS -->
