<?xml version="1.0" encoding="UTF-8"?>
<!-- Generated by org.testng.reporters.JUnitReportReporter -->
<testsuite hostname="chetan-desktop" name="testCases.LOGIN" tests="1" failures="0" timestamp="26 Apr 2018 12:38:42 GMT" time="52.639" errors="0">
  <testcase name="loginSteps" time="52.639" classname="testCases.LOGIN"/>
</testsuite> <!-- testCases.LOGIN -->
