<?xml version="1.0" encoding="UTF-8"?>
<!-- Generated by org.testng.reporters.JUnitReportReporter -->
<testsuite hostname="chetan-desktop" name="testCases.LOGIN" tests="1" failures="0" timestamp="2 May 2018 10:39:25 GMT" time="35.244" errors="0">
  <testcase name="loginSteps" time="35.244" classname="testCases.LOGIN"/>
</testsuite> <!-- testCases.LOGIN -->
