<?xml version="1.0" encoding="UTF-8"?>
<!-- Generated by org.testng.reporters.JUnitReportReporter -->
<testsuite hostname="chetan-desktop" name="testCases.LOGIN" tests="1" failures="0" timestamp="25 Apr 2018 05:49:48 GMT" time="36.900" errors="0">
  <testcase name="loginSteps" time="36.900" classname="testCases.LOGIN"/>
</testsuite> <!-- testCases.LOGIN -->
