<?xml version="1.0" encoding="UTF-8"?>
<!-- Generated by org.testng.reporters.JUnitReportReporter -->
<testsuite hostname="chetan-desktop" name="testCases.LOGIN" tests="1" failures="0" timestamp="27 Apr 2018 11:33:07 GMT" time="34.852" errors="0">
  <testcase name="loginSteps" time="34.852" classname="testCases.LOGIN"/>
</testsuite> <!-- testCases.LOGIN -->
