<?xml version="1.0" encoding="UTF-8"?>
<!-- Generated by org.testng.reporters.JUnitReportReporter -->
<testsuite hostname="chetan-desktop" name="testCases.Google" tests="1" failures="0" timestamp="18 Apr 2018 07:13:09 GMT" time="5.347" errors="0">
  <testcase name="search" time="5.347" classname="testCases.Google"/>
</testsuite> <!-- testCases.Google -->
